\BOOKMARK [0][-]{chapter.1}{\376\377\0001\000\040\000N\000u\000m\000e\000r\000i\000c\000a\000l\000\040\000S\000o\000l\000v\000e\000r\000\040\000f\000o\000r\000\040\000-\000a\000\040\000u\000\137\000x\000x\000\040\000-\000\040\000b\000\040\000u\000\137\000y\000y\000\040\000=\000\040\000f\000\040}{}% 1
\BOOKMARK [1][-]{section.1.1}{\376\377\0001\000.\0001\000\040\000O\000v\000e\000r\000v\000i\000e\000w}{chapter.1}% 2
\BOOKMARK [1][-]{section.1.2}{\376\377\0001\000.\0002\000\040\000M\000a\000i\000n\000\040\000M\000o\000d\000u\000l\000e\000s}{chapter.1}% 3
\BOOKMARK [1][-]{section.1.3}{\376\377\0001\000.\0003\000\040\000U\000s\000a\000g\000e}{chapter.1}% 4
\BOOKMARK [1][-]{section.1.4}{\376\377\0001\000.\0004\000\040\000L\000i\000s\000t\000\040\000o\000f\000\040\000F\000i\000l\000e\000s}{chapter.1}% 5
\BOOKMARK [1][-]{section.1.5}{\376\377\0001\000.\0005\000\040\000N\000o\000t\000e\000s}{chapter.1}% 6
\BOOKMARK [0][-]{chapter.2}{\376\377\0002\000\040\000N\000a\000m\000e\000s\000p\000a\000c\000e\000\040\000I\000n\000d\000e\000x}{}% 7
\BOOKMARK [1][-]{section.2.1}{\376\377\0002\000.\0001\000\040\000N\000a\000m\000e\000s\000p\000a\000c\000e\000\040\000L\000i\000s\000t}{chapter.2}% 8
\BOOKMARK [0][-]{chapter.3}{\376\377\0003\000\040\000C\000l\000a\000s\000s\000\040\000I\000n\000d\000e\000x}{}% 9
\BOOKMARK [1][-]{section.3.1}{\376\377\0003\000.\0001\000\040\000C\000l\000a\000s\000s\000\040\000L\000i\000s\000t}{chapter.3}% 10
\BOOKMARK [0][-]{chapter.4}{\376\377\0004\000\040\000F\000i\000l\000e\000\040\000I\000n\000d\000e\000x}{}% 11
\BOOKMARK [1][-]{section.4.1}{\376\377\0004\000.\0001\000\040\000F\000i\000l\000e\000\040\000L\000i\000s\000t}{chapter.4}% 12
\BOOKMARK [0][-]{chapter.5}{\376\377\0005\000\040\000N\000a\000m\000e\000s\000p\000a\000c\000e\000\040\000D\000o\000c\000u\000m\000e\000n\000t\000a\000t\000i\000o\000n}{}% 13
\BOOKMARK [1][-]{section.5.1}{\376\377\0005\000.\0001\000\040\000e\000i\000g\000e\000n\000\137\000t\000h\000e\000o\000r\000y\000\040\000N\000a\000m\000e\000s\000p\000a\000c\000e\000\040\000R\000e\000f\000e\000r\000e\000n\000c\000e}{chapter.5}% 14
\BOOKMARK [2][-]{subsection.5.1.1}{\376\377\0005\000.\0001\000.\0001\000\040\000D\000e\000t\000a\000i\000l\000e\000d\000\040\000D\000e\000s\000c\000r\000i\000p\000t\000i\000o\000n}{section.5.1}% 15
\BOOKMARK [2][-]{subsection.5.1.2}{\376\377\0005\000.\0001\000.\0002\000\040\000F\000u\000n\000c\000t\000i\000o\000n\000\040\000D\000o\000c\000u\000m\000e\000n\000t\000a\000t\000i\000o\000n}{section.5.1}% 16
\BOOKMARK [3][-]{subsubsection.5.1.2.1}{\376\377\0005\000.\0001\000.\0002\000.\0001\000\040\000l\000a\000m\000b\000d\000a\000\137\000m\000a\000x\000\050\000\051}{subsection.5.1.2}% 17
\BOOKMARK [3][-]{subsubsection.5.1.2.2}{\376\377\0005\000.\0001\000.\0002\000.\0002\000\040\000l\000a\000m\000b\000d\000a\000\137\000m\000a\000x\000\137\000m\000i\000n\000\050\000\051}{subsection.5.1.2}% 18
\BOOKMARK [3][-]{subsubsection.5.1.2.3}{\376\377\0005\000.\0001\000.\0002\000.\0003\000\040\000l\000a\000m\000b\000d\000a\000\137\000m\000i\000n\000\050\000\051}{subsection.5.1.2}% 19
\BOOKMARK [1][-]{section.5.2}{\376\377\0005\000.\0002\000\040\000e\000x\000a\000c\000t\000\040\000N\000a\000m\000e\000s\000p\000a\000c\000e\000\040\000R\000e\000f\000e\000r\000e\000n\000c\000e}{chapter.5}% 20
\BOOKMARK [2][-]{subsection.5.2.1}{\376\377\0005\000.\0002\000.\0001\000\040\000D\000e\000t\000a\000i\000l\000e\000d\000\040\000D\000e\000s\000c\000r\000i\000p\000t\000i\000o\000n}{section.5.2}% 21
\BOOKMARK [2][-]{subsection.5.2.2}{\376\377\0005\000.\0002\000.\0002\000\040\000F\000u\000n\000c\000t\000i\000o\000n\000\040\000D\000o\000c\000u\000m\000e\000n\000t\000a\000t\000i\000o\000n}{section.5.2}% 22
\BOOKMARK [3][-]{subsubsection.5.2.2.1}{\376\377\0005\000.\0002\000.\0002\000.\0001\000\040\000b\000o\000u\000n\000d\000a\000r\000y\000\050\000\051}{subsection.5.2.2}% 23
\BOOKMARK [3][-]{subsubsection.5.2.2.2}{\376\377\0005\000.\0002\000.\0002\000.\0002\000\040\000s\000o\000u\000r\000c\000e\000\050\000\051}{subsection.5.2.2}% 24
\BOOKMARK [3][-]{subsubsection.5.2.2.3}{\376\377\0005\000.\0002\000.\0002\000.\0003\000\040\000u\000\050\000\051}{subsection.5.2.2}% 25
\BOOKMARK [1][-]{section.5.3}{\376\377\0005\000.\0003\000\040\000m\000a\000t\000h\000\137\000u\000t\000i\000l\000s\000\040\000N\000a\000m\000e\000s\000p\000a\000c\000e\000\040\000R\000e\000f\000e\000r\000e\000n\000c\000e}{chapter.5}% 26
\BOOKMARK [2][-]{subsection.5.3.1}{\376\377\0005\000.\0003\000.\0001\000\040\000D\000e\000t\000a\000i\000l\000e\000d\000\040\000D\000e\000s\000c\000r\000i\000p\000t\000i\000o\000n}{section.5.3}% 27
\BOOKMARK [2][-]{subsection.5.3.2}{\376\377\0005\000.\0003\000.\0002\000\040\000F\000u\000n\000c\000t\000i\000o\000n\000\040\000D\000o\000c\000u\000m\000e\000n\000t\000a\000t\000i\000o\000n}{section.5.3}% 28
\BOOKMARK [3][-]{subsubsection.5.3.2.1}{\376\377\0005\000.\0003\000.\0002\000.\0001\000\040\000d\000o\000t\000\050\000\051}{subsection.5.3.2}% 29
\BOOKMARK [3][-]{subsubsection.5.3.2.2}{\376\377\0005\000.\0003\000.\0002\000.\0002\000\040\000n\000o\000r\000m\000\050\000\051}{subsection.5.3.2}% 30
\BOOKMARK [2][-]{subsection.5.3.3}{\376\377\0005\000.\0003\000.\0003\000\040\000V\000a\000r\000i\000a\000b\000l\000e\000\040\000D\000o\000c\000u\000m\000e\000n\000t\000a\000t\000i\000o\000n}{section.5.3}% 31
\BOOKMARK [3][-]{subsubsection.5.3.3.1}{\376\377\0005\000.\0003\000.\0003\000.\0001\000\040\000P\000I}{subsection.5.3.3}% 32
\BOOKMARK [1][-]{section.5.4}{\376\377\0005\000.\0004\000\040\000p\000l\000o\000t\000\137\000f\000u\000l\000l\000\040\000N\000a\000m\000e\000s\000p\000a\000c\000e\000\040\000R\000e\000f\000e\000r\000e\000n\000c\000e}{chapter.5}% 33
\BOOKMARK [2][-]{subsection.5.4.1}{\376\377\0005\000.\0004\000.\0001\000\040\000F\000u\000n\000c\000t\000i\000o\000n\000\040\000D\000o\000c\000u\000m\000e\000n\000t\000a\000t\000i\000o\000n}{section.5.4}% 34
\BOOKMARK [3][-]{subsubsection.5.4.1.1}{\376\377\0005\000.\0004\000.\0001\000.\0001\000\040\000m\000a\000i\000n\000\050\000\051}{subsection.5.4.1}% 35
\BOOKMARK [3][-]{subsubsection.5.4.1.2}{\376\377\0005\000.\0004\000.\0001\000.\0002\000\040\000r\000e\000a\000d\000\137\000f\000u\000l\000l\000\137\000s\000o\000l\000u\000t\000i\000o\000n\000\050\000\051}{subsection.5.4.1}% 36
\BOOKMARK [3][-]{subsubsection.5.4.1.3}{\376\377\0005\000.\0004\000.\0001\000.\0003\000\040\000u\000\137\000e\000x\000a\000c\000t\000\050\000\051}{subsection.5.4.1}% 37
\BOOKMARK [0][-]{chapter.6}{\376\377\0006\000\040\000C\000l\000a\000s\000s\000\040\000D\000o\000c\000u\000m\000e\000n\000t\000a\000t\000i\000o\000n}{}% 38
\BOOKMARK [1][-]{section.6.1}{\376\377\0006\000.\0001\000\040\000C\000l\000o\000c\000k\000\040\000C\000l\000a\000s\000s\000\040\000R\000e\000f\000e\000r\000e\000n\000c\000e}{chapter.6}% 39
\BOOKMARK [2][-]{subsection.6.1.1}{\376\377\0006\000.\0001\000.\0001\000\040\000D\000e\000t\000a\000i\000l\000e\000d\000\040\000D\000e\000s\000c\000r\000i\000p\000t\000i\000o\000n}{section.6.1}% 40
\BOOKMARK [2][-]{subsection.6.1.2}{\376\377\0006\000.\0001\000.\0002\000\040\000M\000e\000m\000b\000e\000r\000\040\000T\000y\000p\000e\000d\000e\000f\000\040\000D\000o\000c\000u\000m\000e\000n\000t\000a\000t\000i\000o\000n}{section.6.1}% 41
\BOOKMARK [3][-]{subsubsection.6.1.2.1}{\376\377\0006\000.\0001\000.\0002\000.\0001\000\040\000C\000h\000r\000o\000n\000o\000C\000l\000o\000c\000k}{subsection.6.1.2}% 42
\BOOKMARK [3][-]{subsubsection.6.1.2.2}{\376\377\0006\000.\0001\000.\0002\000.\0002\000\040\000E\000l\000a\000p\000s\000e\000d}{subsection.6.1.2}% 43
\BOOKMARK [3][-]{subsubsection.6.1.2.3}{\376\377\0006\000.\0001\000.\0002\000.\0003\000\040\000T\000i\000m\000e\000P\000o\000i\000n\000t}{subsection.6.1.2}% 44
\BOOKMARK [2][-]{subsection.6.1.3}{\376\377\0006\000.\0001\000.\0003\000\040\000C\000o\000n\000s\000t\000r\000u\000c\000t\000o\000r\000\040\000\046\000\040\000D\000e\000s\000t\000r\000u\000c\000t\000o\000r\000\040\000D\000o\000c\000u\000m\000e\000n\000t\000a\000t\000i\000o\000n}{section.6.1}% 45
\BOOKMARK [3][-]{subsubsection.6.1.3.1}{\376\377\0006\000.\0001\000.\0003\000.\0001\000\040\000C\000l\000o\000c\000k\000\050\000\051}{subsection.6.1.3}% 46
\BOOKMARK [2][-]{subsection.6.1.4}{\376\377\0006\000.\0001\000.\0004\000\040\000M\000e\000m\000b\000e\000r\000\040\000F\000u\000n\000c\000t\000i\000o\000n\000\040\000D\000o\000c\000u\000m\000e\000n\000t\000a\000t\000i\000o\000n}{section.6.1}% 47
\BOOKMARK [3][-]{subsubsection.6.1.4.1}{\376\377\0006\000.\0001\000.\0004\000.\0001\000\040\000e\000l\000a\000p\000s\000e\000d\000\050\000\051}{subsection.6.1.4}% 48
\BOOKMARK [3][-]{subsubsection.6.1.4.2}{\376\377\0006\000.\0001\000.\0004\000.\0002\000\040\000r\000e\000s\000t\000a\000r\000t\000\050\000\051}{subsection.6.1.4}% 49
\BOOKMARK [1][-]{section.6.2}{\376\377\0006\000.\0002\000\040\000C\000o\000n\000t\000e\000x\000t\000\040\000S\000t\000r\000u\000c\000t\000\040\000R\000e\000f\000e\000r\000e\000n\000c\000e}{chapter.6}% 50
\BOOKMARK [2][-]{subsection.6.2.1}{\376\377\0006\000.\0002\000.\0001\000\040\000D\000e\000t\000a\000i\000l\000e\000d\000\040\000D\000e\000s\000c\000r\000i\000p\000t\000i\000o\000n}{section.6.2}% 51
\BOOKMARK [2][-]{subsection.6.2.2}{\376\377\0006\000.\0002\000.\0002\000\040\000M\000e\000m\000b\000e\000r\000\040\000D\000a\000t\000a\000\040\000D\000o\000c\000u\000m\000e\000n\000t\000a\000t\000i\000o\000n}{section.6.2}% 52
\BOOKMARK [3][-]{subsubsection.6.2.2.1}{\376\377\0006\000.\0002\000.\0002\000.\0001\000\040\000a}{subsection.6.2.2}% 53
\BOOKMARK [3][-]{subsubsection.6.2.2.2}{\376\377\0006\000.\0002\000.\0002\000.\0002\000\040\000b}{subsection.6.2.2}% 54
\BOOKMARK [3][-]{subsubsection.6.2.2.3}{\376\377\0006\000.\0002\000.\0002\000.\0003\000\040\000h}{subsection.6.2.2}% 55
\BOOKMARK [3][-]{subsubsection.6.2.2.4}{\376\377\0006\000.\0002\000.\0002\000.\0004\000\040\000m\000a\000x\000\137\000i\000t\000e\000r\000\137\000p\000o\000w\000e\000r}{subsection.6.2.2}% 56
\BOOKMARK [3][-]{subsubsection.6.2.2.5}{\376\377\0006\000.\0002\000.\0002\000.\0005\000\040\000m\000a\000x\000\137\000i\000t\000e\000r\000\137\000s\000e\000i\000d\000e\000l}{subsection.6.2.2}% 57
\BOOKMARK [3][-]{subsubsection.6.2.2.6}{\376\377\0006\000.\0002\000.\0002\000.\0006\000\040\000m\000e\000s\000h}{subsection.6.2.2}% 58
\BOOKMARK [3][-]{subsubsection.6.2.2.7}{\376\377\0006\000.\0002\000.\0002\000.\0007\000\040\000t\000o\000l\000\137\000p\000o\000w\000e\000r}{subsection.6.2.2}% 59
\BOOKMARK [3][-]{subsubsection.6.2.2.8}{\376\377\0006\000.\0002\000.\0002\000.\0008\000\040\000t\000o\000l\000\137\000s\000e\000i\000d\000e\000l}{subsection.6.2.2}% 60
\BOOKMARK [1][-]{section.6.3}{\376\377\0006\000.\0003\000\040\000L\000a\000p\000l\000a\000c\000i\000a\000n\000O\000p\000e\000r\000a\000t\000o\000r\000\040\000C\000l\000a\000s\000s\000\040\000R\000e\000f\000e\000r\000e\000n\000c\000e}{chapter.6}% 61
\BOOKMARK [2][-]{subsection.6.3.1}{\376\377\0006\000.\0003\000.\0001\000\040\000D\000e\000t\000a\000i\000l\000e\000d\000\040\000D\000e\000s\000c\000r\000i\000p\000t\000i\000o\000n}{section.6.3}% 62
\BOOKMARK [2][-]{subsection.6.3.2}{\376\377\0006\000.\0003\000.\0002\000\040\000C\000o\000n\000s\000t\000r\000u\000c\000t\000o\000r\000\040\000\046\000\040\000D\000e\000s\000t\000r\000u\000c\000t\000o\000r\000\040\000D\000o\000c\000u\000m\000e\000n\000t\000a\000t\000i\000o\000n}{section.6.3}% 63
\BOOKMARK [3][-]{subsubsection.6.3.2.1}{\376\377\0006\000.\0003\000.\0002\000.\0001\000\040\000L\000a\000p\000l\000a\000c\000i\000a\000n\000O\000p\000e\000r\000a\000t\000o\000r\000\050\000\051}{subsection.6.3.2}% 64
\BOOKMARK [2][-]{subsection.6.3.3}{\376\377\0006\000.\0003\000.\0003\000\040\000M\000e\000m\000b\000e\000r\000\040\000F\000u\000n\000c\000t\000i\000o\000n\000\040\000D\000o\000c\000u\000m\000e\000n\000t\000a\000t\000i\000o\000n}{section.6.3}% 65
\BOOKMARK [3][-]{subsubsection.6.3.3.1}{\376\377\0006\000.\0003\000.\0003\000.\0001\000\040\000a\000p\000p\000l\000y\000\050\000\051}{subsection.6.3.3}% 66
\BOOKMARK [1][-]{section.6.4}{\376\377\0006\000.\0004\000\040\000O\000u\000t\000p\000u\000t\000H\000a\000n\000d\000l\000e\000r\000\040\000C\000l\000a\000s\000s\000\040\000R\000e\000f\000e\000r\000e\000n\000c\000e}{chapter.6}% 67
\BOOKMARK [2][-]{subsection.6.4.1}{\376\377\0006\000.\0004\000.\0001\000\040\000D\000e\000t\000a\000i\000l\000e\000d\000\040\000D\000e\000s\000c\000r\000i\000p\000t\000i\000o\000n}{section.6.4}% 68
\BOOKMARK [2][-]{subsection.6.4.2}{\376\377\0006\000.\0004\000.\0002\000\040\000M\000e\000m\000b\000e\000r\000\040\000F\000u\000n\000c\000t\000i\000o\000n\000\040\000D\000o\000c\000u\000m\000e\000n\000t\000a\000t\000i\000o\000n}{section.6.4}% 69
\BOOKMARK [3][-]{subsubsection.6.4.2.1}{\376\377\0006\000.\0004\000.\0002\000.\0001\000\040\000p\000l\000o\000t\000\137\000f\000u\000l\000l\000\137\000s\000o\000l\000u\000t\000i\000o\000n\000\050\000\051}{subsection.6.4.2}% 70
\BOOKMARK [3][-]{subsubsection.6.4.2.2}{\376\377\0006\000.\0004\000.\0002\000.\0002\000\040\000p\000r\000i\000n\000t\000\137\000h\000e\000a\000d\000e\000r\000\050\000\051}{subsection.6.4.2}% 71
\BOOKMARK [3][-]{subsubsection.6.4.2.3}{\376\377\0006\000.\0004\000.\0002\000.\0003\000\040\000s\000a\000v\000e\000\137\000f\000u\000l\000l\000\137\000s\000o\000l\000u\000t\000i\000o\000n\000\050\000\051}{subsection.6.4.2}% 72
\BOOKMARK [1][-]{section.6.5}{\376\377\0006\000.\0005\000\040\000P\000o\000w\000e\000r\000M\000e\000t\000h\000o\000d\000:\000:\000P\000a\000r\000a\000m\000s\000<\000\040\000O\000p\000e\000r\000a\000t\000o\000r\000\040\000>\000\040\000S\000t\000r\000u\000c\000t\000\040\000T\000e\000m\000p\000l\000a\000t\000e\000\040\000R\000e\000f\000e\000r\000e\000n\000c\000e}{chapter.6}% 73
\BOOKMARK [2][-]{subsection.6.5.1}{\376\377\0006\000.\0005\000.\0001\000\040\000D\000e\000t\000a\000i\000l\000e\000d\000\040\000D\000e\000s\000c\000r\000i\000p\000t\000i\000o\000n}{section.6.5}% 74
\BOOKMARK [2][-]{subsection.6.5.2}{\376\377\0006\000.\0005\000.\0002\000\040\000M\000e\000m\000b\000e\000r\000\040\000D\000a\000t\000a\000\040\000D\000o\000c\000u\000m\000e\000n\000t\000a\000t\000i\000o\000n}{section.6.5}% 75
\BOOKMARK [3][-]{subsubsection.6.5.2.1}{\376\377\0006\000.\0005\000.\0002\000.\0001\000\040\000m\000a\000x\000\137\000i\000t\000e\000r}{subsection.6.5.2}% 76
\BOOKMARK [3][-]{subsubsection.6.5.2.2}{\376\377\0006\000.\0005\000.\0002\000.\0002\000\040\000m\000e\000s\000h}{subsection.6.5.2}% 77
\BOOKMARK [3][-]{subsubsection.6.5.2.3}{\376\377\0006\000.\0005\000.\0002\000.\0003\000\040\000o\000p}{subsection.6.5.2}% 78
\BOOKMARK [3][-]{subsubsection.6.5.2.4}{\376\377\0006\000.\0005\000.\0002\000.\0004\000\040\000t\000o\000l\000e\000r\000a\000n\000c\000e}{subsection.6.5.2}% 79
\BOOKMARK [3][-]{subsubsection.6.5.2.5}{\376\377\0006\000.\0005\000.\0002\000.\0005\000\040\000x}{subsection.6.5.2}% 80
\BOOKMARK [1][-]{section.6.6}{\376\377\0006\000.\0006\000\040\000P\000o\000w\000e\000r\000M\000e\000t\000h\000o\000d\000\040\000C\000l\000a\000s\000s\000\040\000R\000e\000f\000e\000r\000e\000n\000c\000e}{chapter.6}% 81
\BOOKMARK [2][-]{subsection.6.6.1}{\376\377\0006\000.\0006\000.\0001\000\040\000D\000e\000t\000a\000i\000l\000e\000d\000\040\000D\000e\000s\000c\000r\000i\000p\000t\000i\000o\000n}{section.6.6}% 82
\BOOKMARK [2][-]{subsection.6.6.2}{\376\377\0006\000.\0006\000.\0002\000\040\000M\000e\000m\000b\000e\000r\000\040\000F\000u\000n\000c\000t\000i\000o\000n\000\040\000D\000o\000c\000u\000m\000e\000n\000t\000a\000t\000i\000o\000n}{section.6.6}% 83
\BOOKMARK [3][-]{subsubsection.6.6.2.1}{\376\377\0006\000.\0006\000.\0002\000.\0001\000\040\000c\000o\000m\000p\000u\000t\000e\000\137\000m\000a\000x\000\050\000\051}{subsection.6.6.2}% 84
\BOOKMARK [1][-]{section.6.7}{\376\377\0006\000.\0007\000\040\000S\000e\000i\000d\000e\000l\000S\000o\000l\000v\000e\000r\000\040\000C\000l\000a\000s\000s\000\040\000R\000e\000f\000e\000r\000e\000n\000c\000e}{chapter.6}% 85
\BOOKMARK [2][-]{subsection.6.7.1}{\376\377\0006\000.\0007\000.\0001\000\040\000D\000e\000t\000a\000i\000l\000e\000d\000\040\000D\000e\000s\000c\000r\000i\000p\000t\000i\000o\000n}{section.6.7}% 86
\BOOKMARK [2][-]{subsection.6.7.2}{\376\377\0006\000.\0007\000.\0002\000\040\000C\000o\000n\000s\000t\000r\000u\000c\000t\000o\000r\000\040\000\046\000\040\000D\000e\000s\000t\000r\000u\000c\000t\000o\000r\000\040\000D\000o\000c\000u\000m\000e\000n\000t\000a\000t\000i\000o\000n}{section.6.7}% 87
\BOOKMARK [3][-]{subsubsection.6.7.2.1}{\376\377\0006\000.\0007\000.\0002\000.\0001\000\040\000S\000e\000i\000d\000e\000l\000S\000o\000l\000v\000e\000r\000\050\000\051}{subsection.6.7.2}% 88
\BOOKMARK [2][-]{subsection.6.7.3}{\376\377\0006\000.\0007\000.\0003\000\040\000M\000e\000m\000b\000e\000r\000\040\000F\000u\000n\000c\000t\000i\000o\000n\000\040\000D\000o\000c\000u\000m\000e\000n\000t\000a\000t\000i\000o\000n}{section.6.7}% 89
\BOOKMARK [3][-]{subsubsection.6.7.3.1}{\376\377\0006\000.\0007\000.\0003\000.\0001\000\040\000s\000o\000l\000v\000e\000\050\000\051}{subsection.6.7.3}% 90
\BOOKMARK [1][-]{section.6.8}{\376\377\0006\000.\0008\000\040\000S\000h\000i\000f\000t\000e\000d\000P\000o\000w\000e\000r\000M\000e\000t\000h\000o\000d\000\040\000C\000l\000a\000s\000s\000\040\000R\000e\000f\000e\000r\000e\000n\000c\000e}{chapter.6}% 91
\BOOKMARK [2][-]{subsection.6.8.1}{\376\377\0006\000.\0008\000.\0001\000\040\000D\000e\000t\000a\000i\000l\000e\000d\000\040\000D\000e\000s\000c\000r\000i\000p\000t\000i\000o\000n}{section.6.8}% 92
\BOOKMARK [2][-]{subsection.6.8.2}{\376\377\0006\000.\0008\000.\0002\000\040\000M\000e\000m\000b\000e\000r\000\040\000T\000y\000p\000e\000d\000e\000f\000\040\000D\000o\000c\000u\000m\000e\000n\000t\000a\000t\000i\000o\000n}{section.6.8}% 93
\BOOKMARK [3][-]{subsubsection.6.8.2.1}{\376\377\0006\000.\0008\000.\0002\000.\0001\000\040\000P\000a\000r\000a\000m\000s}{subsection.6.8.2}% 94
\BOOKMARK [2][-]{subsection.6.8.3}{\376\377\0006\000.\0008\000.\0003\000\040\000C\000o\000n\000s\000t\000r\000u\000c\000t\000o\000r\000\040\000\046\000\040\000D\000e\000s\000t\000r\000u\000c\000t\000o\000r\000\040\000D\000o\000c\000u\000m\000e\000n\000t\000a\000t\000i\000o\000n}{section.6.8}% 95
\BOOKMARK [3][-]{subsubsection.6.8.3.1}{\376\377\0006\000.\0008\000.\0003\000.\0001\000\040\000S\000h\000i\000f\000t\000e\000d\000P\000o\000w\000e\000r\000M\000e\000t\000h\000o\000d\000\050\000\051}{subsection.6.8.3}% 96
\BOOKMARK [2][-]{subsection.6.8.4}{\376\377\0006\000.\0008\000.\0004\000\040\000M\000e\000m\000b\000e\000r\000\040\000F\000u\000n\000c\000t\000i\000o\000n\000\040\000D\000o\000c\000u\000m\000e\000n\000t\000a\000t\000i\000o\000n}{section.6.8}% 97
\BOOKMARK [3][-]{subsubsection.6.8.4.1}{\376\377\0006\000.\0008\000.\0004\000.\0001\000\040\000c\000o\000m\000p\000u\000t\000e\000\137\000m\000i\000n\000\050\000\051}{subsection.6.8.4}% 98
\BOOKMARK [1][-]{section.6.9}{\376\377\0006\000.\0009\000\040\000S\000o\000l\000v\000e\000r\000C\000o\000n\000t\000r\000o\000l\000l\000e\000r\000\040\000C\000l\000a\000s\000s\000\040\000R\000e\000f\000e\000r\000e\000n\000c\000e}{chapter.6}% 99
\BOOKMARK [2][-]{subsection.6.9.1}{\376\377\0006\000.\0009\000.\0001\000\040\000D\000e\000t\000a\000i\000l\000e\000d\000\040\000D\000e\000s\000c\000r\000i\000p\000t\000i\000o\000n}{section.6.9}% 100
\BOOKMARK [2][-]{subsection.6.9.2}{\376\377\0006\000.\0009\000.\0002\000\040\000C\000o\000n\000s\000t\000r\000u\000c\000t\000o\000r\000\040\000\046\000\040\000D\000e\000s\000t\000r\000u\000c\000t\000o\000r\000\040\000D\000o\000c\000u\000m\000e\000n\000t\000a\000t\000i\000o\000n}{section.6.9}% 101
\BOOKMARK [3][-]{subsubsection.6.9.2.1}{\376\377\0006\000.\0009\000.\0002\000.\0001\000\040\000S\000o\000l\000v\000e\000r\000C\000o\000n\000t\000r\000o\000l\000l\000e\000r\000\050\000\051}{subsection.6.9.2}% 102
\BOOKMARK [2][-]{subsection.6.9.3}{\376\377\0006\000.\0009\000.\0003\000\040\000M\000e\000m\000b\000e\000r\000\040\000F\000u\000n\000c\000t\000i\000o\000n\000\040\000D\000o\000c\000u\000m\000e\000n\000t\000a\000t\000i\000o\000n}{section.6.9}% 103
\BOOKMARK [3][-]{subsubsection.6.9.3.1}{\376\377\0006\000.\0009\000.\0003\000.\0001\000\040\000r\000u\000n\000\137\000a\000l\000l\000\050\000\051}{subsection.6.9.3}% 104
\BOOKMARK [3][-]{subsubsection.6.9.3.2}{\376\377\0006\000.\0009\000.\0003\000.\0002\000\040\000r\000u\000n\000\137\000e\000i\000g\000e\000n\000\050\000\051}{subsection.6.9.3}% 105
\BOOKMARK [3][-]{subsubsection.6.9.3.3}{\376\377\0006\000.\0009\000.\0003\000.\0003\000\040\000r\000u\000n\000\137\000s\000e\000i\000d\000e\000l\000\050\000\051}{subsection.6.9.3}% 106
\BOOKMARK [1][-]{section.6.10}{\376\377\0006\000.\0001\0000\000\040\000U\000n\000i\000f\000o\000r\000m\000M\000e\000s\000h\000\040\000C\000l\000a\000s\000s\000\040\000R\000e\000f\000e\000r\000e\000n\000c\000e}{chapter.6}% 107
\BOOKMARK [2][-]{subsection.6.10.1}{\376\377\0006\000.\0001\0000\000.\0001\000\040\000D\000e\000t\000a\000i\000l\000e\000d\000\040\000D\000e\000s\000c\000r\000i\000p\000t\000i\000o\000n}{section.6.10}% 108
\BOOKMARK [2][-]{subsection.6.10.2}{\376\377\0006\000.\0001\0000\000.\0002\000\040\000M\000e\000m\000b\000e\000r\000\040\000T\000y\000p\000e\000d\000e\000f\000\040\000D\000o\000c\000u\000m\000e\000n\000t\000a\000t\000i\000o\000n}{section.6.10}% 109
\BOOKMARK [3][-]{subsubsection.6.10.2.1}{\376\377\0006\000.\0001\0000\000.\0002\000.\0001\000\040\000I\000n\000d\000e\000x\000I\000t\000e\000r\000a\000t\000i\000o\000n\000F\000u\000n\000c\000t\000i\000o\000n}{subsection.6.10.2}% 110
\BOOKMARK [2][-]{subsection.6.10.3}{\376\377\0006\000.\0001\0000\000.\0003\000\040\000C\000o\000n\000s\000t\000r\000u\000c\000t\000o\000r\000\040\000\046\000\040\000D\000e\000s\000t\000r\000u\000c\000t\000o\000r\000\040\000D\000o\000c\000u\000m\000e\000n\000t\000a\000t\000i\000o\000n}{section.6.10}% 111
\BOOKMARK [3][-]{subsubsection.6.10.3.1}{\376\377\0006\000.\0001\0000\000.\0003\000.\0001\000\040\000U\000n\000i\000f\000o\000r\000m\000M\000e\000s\000h\000\050\000\051}{subsection.6.10.3}% 112
\BOOKMARK [2][-]{subsection.6.10.4}{\376\377\0006\000.\0001\0000\000.\0004\000\040\000M\000e\000m\000b\000e\000r\000\040\000F\000u\000n\000c\000t\000i\000o\000n\000\040\000D\000o\000c\000u\000m\000e\000n\000t\000a\000t\000i\000o\000n}{section.6.10}% 113
\BOOKMARK [3][-]{subsubsection.6.10.4.1}{\376\377\0006\000.\0001\0000\000.\0004\000.\0001\000\040\000f\000o\000r\000\137\000e\000a\000c\000h\000\137\000i\000n\000n\000e\000r\000\050\000\051}{subsection.6.10.4}% 114
\BOOKMARK [3][-]{subsubsection.6.10.4.2}{\376\377\0006\000.\0001\0000\000.\0004\000.\0002\000\040\000f\000u\000l\000l\000\137\000i\000n\000d\000e\000x\000\050\000\051}{subsection.6.10.4}% 115
\BOOKMARK [3][-]{subsubsection.6.10.4.3}{\376\377\0006\000.\0001\0000\000.\0004\000.\0003\000\040\000i\000n\000n\000e\000r\000\137\000n\000o\000d\000e\000s\000\050\000\051}{subsection.6.10.4}% 116
\BOOKMARK [3][-]{subsubsection.6.10.4.4}{\376\377\0006\000.\0001\0000\000.\0004\000.\0004\000\040\000i\000s\000\137\000i\000n\000n\000e\000r\000\050\000\051}{subsection.6.10.4}% 117
\BOOKMARK [3][-]{subsubsection.6.10.4.5}{\376\377\0006\000.\0001\0000\000.\0004\000.\0005\000\040\000n\000o\000d\000e\000s\000\137\000p\000e\000r\000\137\000s\000i\000d\000e\000\050\000\051}{subsection.6.10.4}% 118
\BOOKMARK [3][-]{subsubsection.6.10.4.6}{\376\377\0006\000.\0001\0000\000.\0004\000.\0006\000\040\000s\000t\000e\000p\000\050\000\051}{subsection.6.10.4}% 119
\BOOKMARK [3][-]{subsubsection.6.10.4.7}{\376\377\0006\000.\0001\0000\000.\0004\000.\0007\000\040\000t\000o\000t\000a\000l\000\137\000n\000o\000d\000e\000s\000\050\000\051}{subsection.6.10.4}% 120
\BOOKMARK [3][-]{subsubsection.6.10.4.8}{\376\377\0006\000.\0001\0000\000.\0004\000.\0008\000\040\000x\000\050\000\051}{subsection.6.10.4}% 121
\BOOKMARK [3][-]{subsubsection.6.10.4.9}{\376\377\0006\000.\0001\0000\000.\0004\000.\0009\000\040\000y\000\050\000\051}{subsection.6.10.4}% 122
\BOOKMARK [0][-]{chapter.7}{\376\377\0007\000\040\000F\000i\000l\000e\000\040\000D\000o\000c\000u\000m\000e\000n\000t\000a\000t\000i\000o\000n}{}% 123
\BOOKMARK [1][-]{section.7.1}{\376\377\0007\000.\0001\000\040\000c\000l\000o\000c\000k\000\137\000w\000r\000a\000p\000p\000e\000r\000.\000h\000\040\000F\000i\000l\000e\000\040\000R\000e\000f\000e\000r\000e\000n\000c\000e}{chapter.7}% 124
\BOOKMARK [1][-]{section.7.2}{\376\377\0007\000.\0002\000\040\000c\000l\000o\000c\000k\000\137\000w\000r\000a\000p\000p\000e\000r\000.\000h}{chapter.7}% 125
\BOOKMARK [1][-]{section.7.3}{\376\377\0007\000.\0003\000\040\000c\000o\000n\000t\000e\000x\000t\000.\000h\000\040\000F\000i\000l\000e\000\040\000R\000e\000f\000e\000r\000e\000n\000c\000e}{chapter.7}% 126
\BOOKMARK [1][-]{section.7.4}{\376\377\0007\000.\0004\000\040\000c\000o\000n\000t\000e\000x\000t\000.\000h}{chapter.7}% 127
\BOOKMARK [1][-]{section.7.5}{\376\377\0007\000.\0005\000\040\000e\000i\000g\000e\000n\000\137\000t\000h\000e\000o\000r\000y\000.\000h\000\040\000F\000i\000l\000e\000\040\000R\000e\000f\000e\000r\000e\000n\000c\000e}{chapter.7}% 128
\BOOKMARK [1][-]{section.7.6}{\376\377\0007\000.\0006\000\040\000e\000i\000g\000e\000n\000\137\000t\000h\000e\000o\000r\000y\000.\000h}{chapter.7}% 129
\BOOKMARK [1][-]{section.7.7}{\376\377\0007\000.\0007\000\040\000f\000u\000n\000c\000t\000i\000o\000n\000s\000.\000h\000\040\000F\000i\000l\000e\000\040\000R\000e\000f\000e\000r\000e\000n\000c\000e}{chapter.7}% 130
\BOOKMARK [1][-]{section.7.8}{\376\377\0007\000.\0008\000\040\000f\000u\000n\000c\000t\000i\000o\000n\000s\000.\000h}{chapter.7}% 131
\BOOKMARK [1][-]{section.7.9}{\376\377\0007\000.\0009\000\040\000i\000n\000i\000t\000i\000a\000l\000\137\000v\000e\000c\000t\000o\000r\000\137\000t\000y\000p\000e\000.\000h\000\040\000F\000i\000l\000e\000\040\000R\000e\000f\000e\000r\000e\000n\000c\000e}{chapter.7}% 132
\BOOKMARK [2][-]{subsection.7.9.1}{\376\377\0007\000.\0009\000.\0001\000\040\000E\000n\000u\000m\000e\000r\000a\000t\000i\000o\000n\000\040\000T\000y\000p\000e\000\040\000D\000o\000c\000u\000m\000e\000n\000t\000a\000t\000i\000o\000n}{section.7.9}% 133
\BOOKMARK [3][-]{subsubsection.7.9.1.1}{\376\377\0007\000.\0009\000.\0001\000.\0001\000\040\000I\000n\000i\000t\000i\000a\000l\000V\000e\000c\000t\000o\000r\000T\000y\000p\000e}{subsection.7.9.1}% 134
\BOOKMARK [1][-]{section.7.10}{\376\377\0007\000.\0001\0000\000\040\000i\000n\000i\000t\000i\000a\000l\000\137\000v\000e\000c\000t\000o\000r\000\137\000t\000y\000p\000e\000.\000h}{chapter.7}% 135
\BOOKMARK [1][-]{section.7.11}{\376\377\0007\000.\0001\0001\000\040\000l\000a\000p\000l\000a\000c\000i\000a\000n\000\137\000o\000p\000e\000r\000a\000t\000o\000r\000.\000h\000\040\000F\000i\000l\000e\000\040\000R\000e\000f\000e\000r\000e\000n\000c\000e}{chapter.7}% 136
\BOOKMARK [1][-]{section.7.12}{\376\377\0007\000.\0001\0002\000\040\000l\000a\000p\000l\000a\000c\000i\000a\000n\000\137\000o\000p\000e\000r\000a\000t\000o\000r\000.\000h}{chapter.7}% 137
\BOOKMARK [1][-]{section.7.13}{\376\377\0007\000.\0001\0003\000\040\000m\000a\000i\000n\000.\000c\000p\000p\000\040\000F\000i\000l\000e\000\040\000R\000e\000f\000e\000r\000e\000n\000c\000e}{chapter.7}% 138
\BOOKMARK [2][-]{subsection.7.13.1}{\376\377\0007\000.\0001\0003\000.\0001\000\040\000F\000u\000n\000c\000t\000i\000o\000n\000\040\000D\000o\000c\000u\000m\000e\000n\000t\000a\000t\000i\000o\000n}{section.7.13}% 139
\BOOKMARK [3][-]{subsubsection.7.13.1.1}{\376\377\0007\000.\0001\0003\000.\0001\000.\0001\000\040\000m\000a\000i\000n\000\050\000\051}{subsection.7.13.1}% 140
\BOOKMARK [1][-]{section.7.14}{\376\377\0007\000.\0001\0004\000\040\000m\000a\000i\000n\000.\000c\000p\000p}{chapter.7}% 141
\BOOKMARK [1][-]{section.7.15}{\376\377\0007\000.\0001\0005\000\040\000m\000a\000i\000n\000p\000a\000g\000e\000.\000d\000o\000x\000\040\000F\000i\000l\000e\000\040\000R\000e\000f\000e\000r\000e\000n\000c\000e}{chapter.7}% 142
\BOOKMARK [1][-]{section.7.16}{\376\377\0007\000.\0001\0006\000\040\000m\000a\000t\000h\000\137\000u\000t\000i\000l\000s\000.\000h\000\040\000F\000i\000l\000e\000\040\000R\000e\000f\000e\000r\000e\000n\000c\000e}{chapter.7}% 143
\BOOKMARK [1][-]{section.7.17}{\376\377\0007\000.\0001\0007\000\040\000m\000a\000t\000h\000\137\000u\000t\000i\000l\000s\000.\000h}{chapter.7}% 144
\BOOKMARK [1][-]{section.7.18}{\376\377\0007\000.\0001\0008\000\040\000m\000e\000s\000h\000.\000h\000\040\000F\000i\000l\000e\000\040\000R\000e\000f\000e\000r\000e\000n\000c\000e}{chapter.7}% 145
\BOOKMARK [2][-]{subsection.7.18.1}{\376\377\0007\000.\0001\0008\000.\0001\000\040\000T\000y\000p\000e\000d\000e\000f\000\040\000D\000o\000c\000u\000m\000e\000n\000t\000a\000t\000i\000o\000n}{section.7.18}% 146
\BOOKMARK [3][-]{subsubsection.7.18.1.1}{\376\377\0007\000.\0001\0008\000.\0001\000.\0001\000\040\000D\000a\000t\000a\000T\000y\000p\000e}{subsection.7.18.1}% 147
\BOOKMARK [1][-]{section.7.19}{\376\377\0007\000.\0001\0009\000\040\000m\000e\000s\000h\000.\000h}{chapter.7}% 148
\BOOKMARK [1][-]{section.7.20}{\376\377\0007\000.\0002\0000\000\040\000o\000u\000t\000p\000u\000t\000\137\000h\000a\000n\000d\000l\000e\000r\000.\000h\000\040\000F\000i\000l\000e\000\040\000R\000e\000f\000e\000r\000e\000n\000c\000e}{chapter.7}% 149
\BOOKMARK [1][-]{section.7.21}{\376\377\0007\000.\0002\0001\000\040\000o\000u\000t\000p\000u\000t\000\137\000h\000a\000n\000d\000l\000e\000r\000.\000h}{chapter.7}% 150
\BOOKMARK [1][-]{section.7.22}{\376\377\0007\000.\0002\0002\000\040\000p\000l\000o\000t\000\137\000f\000u\000l\000l\000.\000p\000y\000\040\000F\000i\000l\000e\000\040\000R\000e\000f\000e\000r\000e\000n\000c\000e}{chapter.7}% 151
\BOOKMARK [2][-]{subsection.7.22.1}{\376\377\0007\000.\0002\0002\000.\0001\000\040\000D\000e\000t\000a\000i\000l\000e\000d\000\040\000D\000e\000s\000c\000r\000i\000p\000t\000i\000o\000n}{section.7.22}% 152
\BOOKMARK [1][-]{section.7.23}{\376\377\0007\000.\0002\0003\000\040\000p\000l\000o\000t\000\137\000f\000u\000l\000l\000.\000p\000y}{chapter.7}% 153
\BOOKMARK [1][-]{section.7.24}{\376\377\0007\000.\0002\0004\000\040\000p\000o\000w\000e\000r\000\137\000m\000e\000t\000h\000o\000d\000.\000h\000\040\000F\000i\000l\000e\000\040\000R\000e\000f\000e\000r\000e\000n\000c\000e}{chapter.7}% 154
\BOOKMARK [1][-]{section.7.25}{\376\377\0007\000.\0002\0005\000\040\000p\000o\000w\000e\000r\000\137\000m\000e\000t\000h\000o\000d\000.\000h}{chapter.7}% 155
\BOOKMARK [1][-]{section.7.26}{\376\377\0007\000.\0002\0006\000\040\000s\000e\000i\000d\000e\000l\000\137\000s\000o\000l\000v\000e\000r\000.\000h\000\040\000F\000i\000l\000e\000\040\000R\000e\000f\000e\000r\000e\000n\000c\000e}{chapter.7}% 156
\BOOKMARK [1][-]{section.7.27}{\376\377\0007\000.\0002\0007\000\040\000s\000e\000i\000d\000e\000l\000\137\000s\000o\000l\000v\000e\000r\000.\000h}{chapter.7}% 157
\BOOKMARK [1][-]{section.7.28}{\376\377\0007\000.\0002\0008\000\040\000s\000h\000i\000f\000t\000e\000d\000\137\000p\000o\000w\000e\000r\000\137\000m\000e\000t\000h\000o\000d\000.\000h\000\040\000F\000i\000l\000e\000\040\000R\000e\000f\000e\000r\000e\000n\000c\000e}{chapter.7}% 158
\BOOKMARK [1][-]{section.7.29}{\376\377\0007\000.\0002\0009\000\040\000s\000h\000i\000f\000t\000e\000d\000\137\000p\000o\000w\000e\000r\000\137\000m\000e\000t\000h\000o\000d\000.\000h}{chapter.7}% 159
\BOOKMARK [1][-]{section.7.30}{\376\377\0007\000.\0003\0000\000\040\000s\000o\000l\000v\000e\000r\000\137\000c\000o\000n\000t\000r\000o\000l\000l\000e\000r\000.\000h\000\040\000F\000i\000l\000e\000\040\000R\000e\000f\000e\000r\000e\000n\000c\000e}{chapter.7}% 160
\BOOKMARK [1][-]{section.7.31}{\376\377\0007\000.\0003\0001\000\040\000s\000o\000l\000v\000e\000r\000\137\000c\000o\000n\000t\000r\000o\000l\000l\000e\000r\000.\000h}{chapter.7}% 161
